<?xml version="1.0" encoding="UTF-8"?>
<!-- Generated by org.testng.reporters.JUnitReportReporter -->
<testsuite skipped="0" hostname="Татьяна-ПК" name="ExampleTest" tests="1" failures="0" timestamp="08 апр 2021 22:19:14 GMT" time="13.141" errors="0">
  <testcase name="loginViaEmail" time="13.141" classname="ExampleTest"/>
</testsuite> <!-- ExampleTest -->
